    Blocking waiting for file lock on build directory
   Compiling task-manager v0.1.0 (/mnt/c/Users/USER/Desktop/task-manager)
warning: method `find_by_id` is never used
   --> src/message/message_repository.rs:230:18
    |
 13 | impl MessageRepository {
    | ---------------------- method in this implementation
...
230 |     pub async fn find_by_id(&self, message_id: Uuid) -> Result<Option<Message>> {
    |                  ^^^^^^^^^^
    |
    = note: `#[warn(dead_code)]` (part of `#[warn(unused)]`) on by default

warning: field `notification_repo` is never read
  --> src/message/message_service.rs:16:5
   |
13 | pub struct MessageService {
   |            -------------- field in this struct
...
16 |     notification_repo: NotificationRepository,
   |     ^^^^^^^^^^^^^^^^^
   |
   = note: `MessageService` has a derived impl for the trait `Clone`, but this is intentionally ignored during dead code analysis

warning: method `as_str` is never used
  --> src/video_call/video_call_models.rs:54:12
   |
53 | impl CallStatus {
   | --------------- method in this implementation
54 |     pub fn as_str(&self) -> &str {
   |            ^^^^^^

